app/build/intermediates/manifest_merge_blame_file/debug/manifest-merger-blame-debug-report.txt
1<?xml version="1.0" encoding="utf-8"?>
2<manifest xmlns:android="http://schemas.android.com/apk/res/android"
3    package="com.david.epay"
4    android:versionCode="1"
5    android:versionName="1.0" >
6
7    <uses-sdk
8        android:minSdkVersion="27"
8-->src/main/AndroidManifest.xml
9        android:targetSdkVersion="33" />
9-->src/main/AndroidManifest.xml
10
11    <uses-permission android:name="android.permission.INTERNET" />
11-->src/main/AndroidManifest.xml:5:5-67
11-->src/main/AndroidManifest.xml:5:22-64
12
13    <permission
13-->[androidx.core:core:1.9.0] AndroidManifest.xml:22:5-24:47
14        android:name="com.david.epay.DYNAMIC_RECEIVER_NOT_EXPORTED_PERMISSION"
14-->[androidx.core:core:1.9.0] AndroidManifest.xml:23:9-81
15        android:protectionLevel="signature" />
15-->[androidx.core:core:1.9.0] AndroidManifest.xml:24:9-44
16
17    <uses-permission android:name="com.david.epay.DYNAMIC_RECEIVER_NOT_EXPORTED_PERMISSION" />
17-->[androidx.core:core:1.9.0] AndroidManifest.xml:26:5-97
17-->[androidx.core:core:1.9.0] AndroidManifest.xml:26:22-94
18
19    <application
19-->src/main/AndroidManifest.xml:7:5-35:19
20        android:name="com.david.epay.Epay"
20-->src/main/AndroidManifest.xml:8:9-29
21        android:allowBackup="true"
21-->src/main/AndroidManifest.xml:9:9-35
22        android:appComponentFactory="androidx.core.app.CoreComponentFactory"
22-->[androidx.core:core:1.9.0] AndroidManifest.xml:28:18-86
23        android:dataExtractionRules="@xml/data_extraction_rules"
23-->src/main/AndroidManifest.xml:10:9-65
24        android:debuggable="true"
25        android:extractNativeLibs="false"
26        android:fullBackupContent="@xml/backup_rules"
26-->src/main/AndroidManifest.xml:11:9-54
27        android:icon="@mipmap/ic_launcher"
27-->src/main/AndroidManifest.xml:12:9-43
28        android:label="@string/app_name"
28-->src/main/AndroidManifest.xml:13:9-41
29        android:supportsRtl="true"
29-->src/main/AndroidManifest.xml:14:9-35
30        android:testOnly="true"
31        android:theme="@style/Theme.Epay" >
31-->src/main/AndroidManifest.xml:15:9-42
32        <activity
32-->src/main/AndroidManifest.xml:17:9-21:49
33            android:name="com.david.epay.MapActivity"
33-->src/main/AndroidManifest.xml:18:13-40
34            android:exported="false"
34-->src/main/AndroidManifest.xml:19:13-37
35            android:label="@string/title_activity_map"
35-->src/main/AndroidManifest.xml:20:13-55
36            android:theme="@style/Theme.Epay" />
36-->src/main/AndroidManifest.xml:21:13-46
37        <activity
37-->src/main/AndroidManifest.xml:22:9-32:20
38            android:name="com.david.epay.ui.MainActivity"
38-->src/main/AndroidManifest.xml:23:13-44
39            android:exported="true"
39-->src/main/AndroidManifest.xml:24:13-36
40            android:label="@string/app_name"
40-->src/main/AndroidManifest.xml:25:13-45
41            android:theme="@style/Theme.Epay" >
41-->src/main/AndroidManifest.xml:26:13-46
42            <intent-filter>
42-->src/main/AndroidManifest.xml:27:13-31:29
43                <action android:name="android.intent.action.MAIN" />
43-->src/main/AndroidManifest.xml:28:17-69
43-->src/main/AndroidManifest.xml:28:25-66
44
45                <category android:name="android.intent.category.LAUNCHER" />
45-->src/main/AndroidManifest.xml:30:17-77
45-->src/main/AndroidManifest.xml:30:27-74
46            </intent-filter>
47        </activity>
48        <activity android:name="com.david.epay.ui.MapActivity" >
48-->src/main/AndroidManifest.xml:33:9-34:20
48-->src/main/AndroidManifest.xml:33:19-63
49        </activity>
50        <activity
50-->[androidx.compose.ui:ui-tooling:1.3.3] AndroidManifest.xml:23:9-25:39
51            android:name="androidx.compose.ui.tooling.PreviewActivity"
51-->[androidx.compose.ui:ui-tooling:1.3.3] AndroidManifest.xml:24:13-71
52            android:exported="true" />
52-->[androidx.compose.ui:ui-tooling:1.3.3] AndroidManifest.xml:25:13-36
53        <activity
53-->[androidx.compose.ui:ui-test-manifest:1.3.3] AndroidManifest.xml:23:9-25:39
54            android:name="androidx.activity.ComponentActivity"
54-->[androidx.compose.ui:ui-test-manifest:1.3.3] AndroidManifest.xml:24:13-63
55            android:exported="true" />
55-->[androidx.compose.ui:ui-test-manifest:1.3.3] AndroidManifest.xml:25:13-36
56
57        <service
57-->[androidx.room:room-runtime:2.5.1] AndroidManifest.xml:24:9-28:63
58            android:name="androidx.room.MultiInstanceInvalidationService"
58-->[androidx.room:room-runtime:2.5.1] AndroidManifest.xml:25:13-74
59            android:directBootAware="true"
59-->[androidx.room:room-runtime:2.5.1] AndroidManifest.xml:26:13-43
60            android:exported="false" />
60-->[androidx.room:room-runtime:2.5.1] AndroidManifest.xml:27:13-37
61
62        <provider
62-->[androidx.profileinstaller:profileinstaller:1.2.1] AndroidManifest.xml:25:9-33:20
63            android:name="androidx.startup.InitializationProvider"
63-->[androidx.profileinstaller:profileinstaller:1.2.1] AndroidManifest.xml:26:13-67
64            android:authorities="com.david.epay.androidx-startup"
64-->[androidx.profileinstaller:profileinstaller:1.2.1] AndroidManifest.xml:27:13-68
65            android:exported="false" >
65-->[androidx.profileinstaller:profileinstaller:1.2.1] AndroidManifest.xml:28:13-37
66            <meta-data
66-->[androidx.profileinstaller:profileinstaller:1.2.1] AndroidManifest.xml:30:13-32:52
67                android:name="androidx.profileinstaller.ProfileInstallerInitializer"
67-->[androidx.profileinstaller:profileinstaller:1.2.1] AndroidManifest.xml:31:17-85
68                android:value="androidx.startup" />
68-->[androidx.profileinstaller:profileinstaller:1.2.1] AndroidManifest.xml:32:17-49
69        </provider>
70
71        <receiver
71-->[androidx.profileinstaller:profileinstaller:1.2.1] AndroidManifest.xml:35:9-47:20
72            android:name="androidx.profileinstaller.ProfileInstallReceiver"
72-->[androidx.profileinstaller:profileinstaller:1.2.1] AndroidManifest.xml:36:13-76
73            android:directBootAware="false"
73-->[androidx.profileinstaller:profileinstaller:1.2.1] AndroidManifest.xml:37:13-44
74            android:enabled="true"
74-->[androidx.profileinstaller:profileinstaller:1.2.1] AndroidManifest.xml:38:13-35
75            android:exported="true"
75-->[androidx.profileinstaller:profileinstaller:1.2.1] AndroidManifest.xml:39:13-36
76            android:permission="android.permission.DUMP" >
76-->[androidx.profileinstaller:profileinstaller:1.2.1] AndroidManifest.xml:40:13-57
77            <intent-filter>
77-->[androidx.profileinstaller:profileinstaller:1.2.1] AndroidManifest.xml:41:13-43:29
78                <action android:name="androidx.profileinstaller.action.INSTALL_PROFILE" />
78-->[androidx.profileinstaller:profileinstaller:1.2.1] AndroidManifest.xml:42:17-91
78-->[androidx.profileinstaller:profileinstaller:1.2.1] AndroidManifest.xml:42:25-88
79            </intent-filter>
80            <intent-filter>
80-->[androidx.profileinstaller:profileinstaller:1.2.1] AndroidManifest.xml:44:13-46:29
81                <action android:name="androidx.profileinstaller.action.SKIP_FILE" />
81-->[androidx.profileinstaller:profileinstaller:1.2.1] AndroidManifest.xml:45:17-85
81-->[androidx.profileinstaller:profileinstaller:1.2.1] AndroidManifest.xml:45:25-82
82            </intent-filter>
83        </receiver>
84    </application>
85
86</manifest>